This is pdfTeX, Version 3.1415926-1.40.11 (TeX Live 2010) (format=pdflatex 2010.7.21)  22 SEP 2012 17:03
entering extended mode
 restricted \write18 enabled.
 %&-line parsing enabled.
**\input openmodel-old.tex
(./openmodel-old.tex
(/usr/local/texlive/2010/texmf-dist/tex/latex/amscls/amsart.cls
Document Class: amsart 2009/07/02 v2.20.1
\linespacing=\dimen102
\normalparindent=\dimen103
\normaltopskip=\skip41
(/usr/local/texlive/2010/texmf-dist/tex/latex/amsmath/amsmath.sty
Package: amsmath 2000/07/18 v2.13 AMS math features
\@mathmargin=\skip42

For additional information on amsmath, use the `?' option.
(/usr/local/texlive/2010/texmf-dist/tex/latex/amsmath/amstext.sty
Package: amstext 2000/06/29 v2.01

(/usr/local/texlive/2010/texmf-dist/tex/latex/amsmath/amsgen.sty
File: amsgen.sty 1999/11/30 v2.0
\@emptytoks=\toks14
\ex@=\dimen104
))
(/usr/local/texlive/2010/texmf-dist/tex/latex/amsmath/amsbsy.sty
Package: amsbsy 1999/11/29 v1.2d
\pmbraise@=\dimen105
)
(/usr/local/texlive/2010/texmf-dist/tex/latex/amsmath/amsopn.sty
Package: amsopn 1999/12/14 v2.01 operator names
)
\inf@bad=\count79
LaTeX Info: Redefining \frac on input line 211.
\uproot@=\count80
\leftroot@=\count81
LaTeX Info: Redefining \overline on input line 307.
\classnum@=\count82
\DOTSCASE@=\count83
LaTeX Info: Redefining \ldots on input line 379.
LaTeX Info: Redefining \dots on input line 382.
LaTeX Info: Redefining \cdots on input line 467.
\Mathstrutbox@=\box26
\strutbox@=\box27
\big@size=\dimen106
LaTeX Font Info:    Redeclaring font encoding OML on input line 567.
LaTeX Font Info:    Redeclaring font encoding OMS on input line 568.
\macc@depth=\count84
\c@MaxMatrixCols=\count85
\dotsspace@=\muskip10
\c@parentequation=\count86
\dspbrk@lvl=\count87
\tag@help=\toks15
\row@=\count88
\column@=\count89
\maxfields@=\count90
\andhelp@=\toks16
\eqnshift@=\dimen107
\alignsep@=\dimen108
\tagshift@=\dimen109
\tagwidth@=\dimen110
\totwidth@=\dimen111
\lineht@=\dimen112
\@envbody=\toks17
\multlinegap=\skip43
\multlinetaggap=\skip44
\mathdisplay@stack=\toks18
LaTeX Info: Redefining \[ on input line 2666.
LaTeX Info: Redefining \] on input line 2667.
)
LaTeX Font Info:    Try loading font information for U+msa on input line 388.

(/usr/local/texlive/2010/texmf-dist/tex/latex/amsfonts/umsa.fd
File: umsa.fd 2009/06/22 v3.00 AMS symbols A
)
(/usr/local/texlive/2010/texmf-dist/tex/latex/amsfonts/amsfonts.sty
Package: amsfonts 2009/06/22 v3.00 Basic AMSFonts support
\symAMSa=\mathgroup4
\symAMSb=\mathgroup5
LaTeX Font Info:    Overwriting math alphabet `\mathfrak' in version `bold'
(Font)                  U/euf/m/n --> U/euf/b/n on input line 96.
)
\copyins=\insert233
\abstractbox=\box28
\listisep=\skip45
\c@part=\count91
\c@section=\count92
\c@subsection=\count93
\c@subsubsection=\count94
\c@paragraph=\count95
\c@subparagraph=\count96
\c@figure=\count97
\c@table=\count98
\abovecaptionskip=\skip46
\belowcaptionskip=\skip47
\captionindent=\dimen113
\thm@style=\toks19
\thm@bodyfont=\toks20
\thm@headfont=\toks21
\thm@notefont=\toks22
\thm@headpunct=\toks23
\thm@preskip=\skip48
\thm@postskip=\skip49
\thm@headsep=\skip50
\dth@everypar=\toks24
)
(/usr/local/texlive/2010/texmf-dist/tex/latex/geometry/geometry.sty
Package: geometry 2010/07/13 v5.5 Page Geometry

(/usr/local/texlive/2010/texmf-dist/tex/latex/graphics/keyval.sty
Package: keyval 1999/03/16 v1.13 key=value parser (DPC)
\KV@toks@=\toks25
)
(/usr/local/texlive/2010/texmf-dist/tex/generic/oberdiek/ifpdf.sty
Package: ifpdf 2010/01/28 v2.1 Provides the ifpdf switch (HO)
Package ifpdf Info: pdfTeX in pdf mode detected.
)
(/usr/local/texlive/2010/texmf-dist/tex/generic/oberdiek/ifvtex.sty
Package: ifvtex 2010/03/01 v1.5 Switches for detecting VTeX and its modes (HO)
Package ifvtex Info: VTeX not detected.
)
\Gm@cnth=\count99
\Gm@cntv=\count100
\c@Gm@tempcnt=\count101
\Gm@bindingoffset=\dimen114
\Gm@wd@mp=\dimen115
\Gm@odd@mp=\dimen116
\Gm@even@mp=\dimen117
\Gm@layoutwidth=\dimen118
\Gm@layoutheight=\dimen119
\Gm@layouthoffset=\dimen120
\Gm@layoutvoffset=\dimen121
\Gm@dimlist=\toks26
)
(/usr/local/texlive/2010/texmf-dist/tex/latex/ltxmisc/parskip.sty
Package: parskip 2001/04/09 non-zero parskip adjustments


LaTeX Warning: Command \@starttoc  has changed.
               Check if current package is valid.

) (/usr/local/texlive/2010/texmf-dist/tex/latex/graphics/graphicx.sty
Package: graphicx 1999/02/16 v1.0f Enhanced LaTeX Graphics (DPC,SPQR)

(/usr/local/texlive/2010/texmf-dist/tex/latex/graphics/graphics.sty
Package: graphics 2009/02/05 v1.0o Standard LaTeX Graphics (DPC,SPQR)

(/usr/local/texlive/2010/texmf-dist/tex/latex/graphics/trig.sty
Package: trig 1999/03/16 v1.09 sin cos tan (DPC)
)
(/usr/local/texlive/2010/texmf-dist/tex/latex/latexconfig/graphics.cfg
File: graphics.cfg 2010/04/23 v1.9 graphics configuration of TeX Live
)
Package graphics Info: Driver file: pdftex.def on input line 91.

(/usr/local/texlive/2010/texmf-dist/tex/latex/pdftex-def/pdftex.def
File: pdftex.def 2010/02/14 v0.04n Graphics/color for pdfTeX
\Gread@gobject=\count102
))
\Gin@req@height=\dimen122
\Gin@req@width=\dimen123
)
(/usr/local/texlive/2010/texmf-dist/tex/latex/amsfonts/amssymb.sty
Package: amssymb 2009/06/22 v3.00
)
(/usr/local/texlive/2010/texmf-dist/tex/latex/oberdiek/epstopdf.sty
Package: epstopdf 2010/02/09 v2.5 Conversion with epstopdf on the fly (HO)

(/usr/local/texlive/2010/texmf-dist/tex/latex/oberdiek/epstopdf-base.sty
Package: epstopdf-base 2010/02/09 v2.5 Base part for package epstopdf

(/usr/local/texlive/2010/texmf-dist/tex/generic/oberdiek/infwarerr.sty
Package: infwarerr 2010/04/08 v1.3 Providing info/warning/message (HO)
)
(/usr/local/texlive/2010/texmf-dist/tex/latex/oberdiek/grfext.sty
Package: grfext 2007/09/30 v1.0 Managing graphics extensions (HO)
)
(/usr/local/texlive/2010/texmf-dist/tex/latex/oberdiek/kvoptions.sty
Package: kvoptions 2010/02/22 v3.7 Keyval support for LaTeX options (HO)

(/usr/local/texlive/2010/texmf-dist/tex/generic/oberdiek/kvsetkeys.sty
Package: kvsetkeys 2010/03/01 v1.9 Key value parser (HO)

(/usr/local/texlive/2010/texmf-dist/tex/generic/oberdiek/etexcmds.sty
Package: etexcmds 2010/01/28 v1.3 Prefix for e-TeX command names (HO)
Package etexcmds Info: Could not find \expanded.
(etexcmds)             That can mean that you are not using pdfTeX 1.50 or
(etexcmds)             that some package has redefined \expanded.
(etexcmds)             In the latter case, load this package earlier.
)))
(/usr/local/texlive/2010/texmf-dist/tex/generic/oberdiek/pdftexcmds.sty
Package: pdftexcmds 2010/04/01 v0.9 Utility functions of pdfTeX for LuaTeX (HO)


(/usr/local/texlive/2010/texmf-dist/tex/generic/oberdiek/ifluatex.sty
Package: ifluatex 2010/03/01 v1.3 Provides the ifluatex switch (HO)
Package ifluatex Info: LuaTeX not detected.
)
(/usr/local/texlive/2010/texmf-dist/tex/generic/oberdiek/ltxcmds.sty
Package: ltxcmds 2010/04/26 v1.7 LaTeX kernel commands for general use (HO)
)
Package pdftexcmds Info: LuaTeX not detected.
Package pdftexcmds Info: \pdf@primitive is available.
Package pdftexcmds Info: \pdf@ifprimitive is available.
)
Package grfext Info: Graphics extension search list:
(grfext)             [.png,.pdf,.jpg,.mps,.jpeg,.jbig2,.jb2,.PNG,.PDF,.JPG,.JPE
G,.JBIG2,.JB2,.eps]
(grfext)             \AppendGraphicsExtensions on input line 436.

(/usr/local/texlive/2010/texmf-dist/tex/latex/latexconfig/epstopdf-sys.cfg
File: epstopdf-sys.cfg 2010/07/13 v1.3 Configuration of (r)epstopdf for TeX Liv
e
)))
(/usr/local/texlive/2010/texmf-dist/tex/latex/url/url.sty
\Urlmuskip=\muskip11
Package: url 2006/04/12  ver 3.3  Verb mode for urls, etc.
)
(/usr/local/texlive/2010/texmf-dist/tex/latex/natbib/natbib.sty
Package: natbib 2009/11/07 8.31a (PWD, AO)
\bibhang=\skip51
\bibsep=\skip52
LaTeX Info: Redefining \cite on input line 694.
\c@NAT@ctr=\count103
)
No file openmodel-old.aux.
\openout1 = `openmodel-old.aux'.

LaTeX Font Info:    Checking defaults for OML/cmm/m/it on input line 32.
LaTeX Font Info:    ... okay on input line 32.
LaTeX Font Info:    Checking defaults for T1/cmr/m/n on input line 32.
LaTeX Font Info:    ... okay on input line 32.
LaTeX Font Info:    Checking defaults for OT1/cmr/m/n on input line 32.
LaTeX Font Info:    ... okay on input line 32.
LaTeX Font Info:    Checking defaults for OMS/cmsy/m/n on input line 32.
LaTeX Font Info:    ... okay on input line 32.
LaTeX Font Info:    Checking defaults for OMX/cmex/m/n on input line 32.
LaTeX Font Info:    ... okay on input line 32.
LaTeX Font Info:    Checking defaults for U/cmr/m/n on input line 32.
LaTeX Font Info:    ... okay on input line 32.
LaTeX Font Info:    Try loading font information for U+msa on input line 32.
(/usr/local/texlive/2010/texmf-dist/tex/latex/amsfonts/umsa.fd
File: umsa.fd 2009/06/22 v3.00 AMS symbols A
)
LaTeX Font Info:    Try loading font information for U+msb on input line 32.

(/usr/local/texlive/2010/texmf-dist/tex/latex/amsfonts/umsb.fd
File: umsb.fd 2009/06/22 v3.00 AMS symbols B
)
*geometry* driver: auto-detecting
*geometry* detected driver: pdftex
*geometry* verbose mode - [ preamble ] result:
* driver: pdftex
* paper: letterpaper
* layout: <same size as paper>
* layoutoffset:(h,v)=(0.0pt,0.0pt)
* modes: 
* h-part:(L,W,R)=(72.26999pt, 469.75502pt, 72.26999pt)
* v-part:(T,H,B)=(72.26999pt, 650.43001pt, 72.26999pt)
* \paperwidth=614.295pt
* \paperheight=794.96999pt
* \textwidth=469.75502pt
* \textheight=650.43001pt
* \oddsidemargin=0.0pt
* \evensidemargin=0.0pt
* \topmargin=-22.0pt
* \headheight=8.0pt
* \headsep=14.0pt
* \topskip=10.0pt
* \footskip=12.0pt
* \marginparwidth=90.0pt
* \marginparsep=11.0pt
* \columnsep=10.0pt
* \skip\footins=7.0pt plus 11.0pt
* \hoffset=0.0pt
* \voffset=0.0pt
* \mag=1000
* \@twocolumnfalse
* \@twosidefalse
* \@mparswitchfalse
* \@reversemarginfalse
* (1in=72.27pt=25.4mm, 1cm=28.453pt)

(/usr/local/texlive/2010/texmf-dist/tex/context/base/supp-pdf.mkii
[Loading MPS to PDF converter (version 2006.09.02).]
\scratchcounter=\count104
\scratchdimen=\dimen124
\scratchbox=\box29
\nofMPsegments=\count105
\nofMParguments=\count106
\everyMPshowfont=\toks27
\MPscratchCnt=\count107
\MPscratchDim=\dimen125
\MPnumerator=\count108
\everyMPtoPDFconversion=\toks28
)

Class amsart Warning: Abstract should precede \maketitle in AMS document classe
s; reported on input line 35.


Package natbib Warning: Citation `greening2000energy' on page 1 undefined on in
put line 43.


Package natbib Warning: Citation `Forrester1991' on page 1 undefined on input l
ine 43.


Package natbib Warning: Citation `meadows1997places' on page 1 undefined on inp
ut line 45.


Package natbib Warning: Citation `lux1998scaling' on page 1 undefined on input 
line 45.


Package natbib Warning: Citation `frette1996avalanche' on page 1 undefined on i
nput line 45.

[1{/usr/local/texlive/2010/texmf-var/fonts/map/pdftex/updmap/pdftex.map}]

Package natbib Warning: Citation `liu2007complexity' on page 2 undefined on inp
ut line 49.


Package natbib Warning: Citation `kollmuss2002mind' on page 2 undefined on inpu
t line 55.


Package natbib Warning: Citation `Hines1986' on page 2 undefined on input line 
55.


Package natbib Warning: Citation `kollmuss2002mind' on page 2 undefined on inpu
t line 57.


Package natbib Warning: Citation `Hines1986' on page 2 undefined on input line 
57.


Package natbib Warning: Citation `redclift1994social' on page 2 undefined on in
put line 57.


Package natbib Warning: Citation `bloomfield1998deliberative' on page 2 undefin
ed on input line 64.


Package natbib Warning: Citation `mckenzie1999fostering' on page 2 undefined on
 input line 64.


Package natbib Warning: Citation `Hirsch2007' on page 2 undefined on input line
 64.

[2]

Package natbib Warning: Citation `von1973general' on page 3 undefined on input 
line 66.


Package natbib Warning: Citation `forrester1961industrial' on page 3 undefined 
on input line 66.


Package natbib Warning: Citation `meadows2004limits' on page 3 undefined on inp
ut line 66.


Package natbib Warning: Citation `alfeld1976introduction' on page 3 undefined o
n input line 66.


Package natbib Warning: Citation `forrester1971urban' on page 3 undefined on in
put line 66.


Package natbib Warning: Citation `Naill1992' on page 3 undefined on input line 
66.


Package natbib Warning: Citation `fletcher1998use' on page 3 undefined on input
 line 66.


Package natbib Warning: Citation `Guo2001' on page 3 undefined on input line 66
.


Package natbib Warning: Citation `Homer2001' on page 3 undefined on input line 
66.


Package natbib Warning: Citation `repenning2002simulation' on page 3 undefined 
on input line 66.


Package natbib Warning: Citation `sterman2000business' on page 3 undefined on i
nput line 66.


Package natbib Warning: Citation `senge2006fifth' on page 3 undefined on input 
line 66.


Package natbib Warning: Citation `meadows1997places' on page 3 undefined on inp
ut line 66.


Package natbib Warning: Citation `senge2006fifth' on page 3 undefined on input 
line 68.


Package natbib Warning: Citation `sterman1985strategem' on page 3 undefined on 
input line 68.


Package natbib Warning: Citation `Forrester1991' on page 3 undefined on input l
ine 68.


Package natbib Warning: Citation `barlas1996formal' on page 3 undefined on inpu
t line 69.


Package natbib Warning: Citation `ahmad2004spatial' on page 3 undefined on inpu
t line 71.


LaTeX Warning: Reference `fig:ssdarch' on page 3 undefined on input line 71.


Package natbib Warning: Citation `ahmad2006intelligent' on page 3 undefined on 
input line 71.


Package natbib Warning: Citation `vivoni2009semiarid' on page 3 undefined on in
put line 71.


Package natbib Warning: Citation `roach2009compartmental' on page 3 undefined o
n input line 71.


Package natbib Warning: Citation `bendor2006spatial' on page 3 undefined on inp
ut line 71.

<ssdarch.png, id=15, 493.845pt x 569.12625pt>
File: ssdarch.png Graphic file (type png)
 <use ssdarch.png>

Package natbib Warning: Citation `ahmad2004spatial' on page 3 undefined on inpu
t line 74.


Package natbib Warning: Citation `ahmad2004spatial' on page 3 undefined on inpu
t line 74.


Package natbib Warning: Citation `meadows2004limits' on page 3 undefined on inp
ut line 82.

[3]

Package natbib Warning: Citation `may1954intransitivity' on page 4 undefined on
 input line 84.

[4 <./ssdarch.png>]

Package natbib Warning: Citation `song2005self' on page 5 undefined on input li
ne 90.


Package natbib Warning: Citation `murphy1999evaluation' on page 5 undefined on 
input line 90.


Package natbib Warning: Citation `Forrester1991' on page 5 undefined on input l
ine 92.


Package natbib Warning: Citation `turcotte2002self' on page 5 undefined on inpu
t line 94.


Package natbib Warning: Citation `watts1998collective' on page 5 undefined on i
nput line 94.


Package natbib Warning: Citation `barabasi1999emergence' on page 5 undefined on
 input line 94.


Package natbib Warning: Citation `ravasz2002hierarchical' on page 5 undefined o
n input line 94.


Package natbib Warning: Citation `meadows1997places' on page 5 undefined on inp
ut line 98.

<architecture.png, id=27, 435.6275pt x 383.4325pt>
File: architecture.png Graphic file (type png)
 <use architecture.png>
[5]

LaTeX Warning: Reference `fig:selfsimodel' on page 6 undefined on input line 10
9.


Package natbib Warning: Citation `morel1999through' on page 6 undefined on inpu
t line 109.

<selfsimodel.jpeg, id=31, 497.86pt x 351.3125pt>
File: selfsimodel.jpeg Graphic file (type jpg)
 <use selfsimodel.jpeg>
[6 <./architecture.png>]

Package natbib Warning: Citation `liu1998sequential' on page 7 undefined on inp
ut line 118.


LaTeX Warning: Reference `fig:trialestimate' on page 7 undefined on input line 
118.

<trialestimate.png, id=36, 622.325pt x 325.215pt>
File: trialestimate.png Graphic file (type png)
 <use trialestimate.png>
Overfull \hbox (8.86017pt too wide) in paragraph at lines 118--124
[]\OT1/cmr/m/n/12 Sub-region dy-nam-ics can
 []


Package natbib Warning: Citation `corana1987minimizing' on page 7 undefined on 
input line 125.


Package natbib Warning: Citation `rouwette2002group' on page 7 undefined on inp
ut line 127.

[7 <./selfsimodel.jpeg>]

Package natbib Warning: Citation `barlas1996formal' on page 8 undefined on inpu
t line 129.


Package natbib Warning: Citation `graham1976parameter' on page 8 undefined on i
nput line 131.


Package natbib Warning: Citation `pech2004memetic' on page 8 undefined on input
 line 133.


Package natbib Warning: Citation `blackmon2003towards' on page 8 undefined on i
nput line 135.

[8 <./trialestimate.png>] [9]

Package natbib Warning: Citation `loh2005living' on page 10 undefined on input 
line 169.

[10] [11]
No file openmodel-old.bbl.

Package natbib Warning: There were undefined citations.

(./openmodel-old.aux)

LaTeX Warning: There were undefined references.


LaTeX Warning: Label(s) may have changed. Rerun to get cross-references right.

 ) 
Here is how much of TeX's memory you used:
 3625 strings out of 493747
 46948 string characters out of 3143546
 113019 words of memory out of 3000000
 6707 multiletter control sequences out of 15000+200000
 12969 words of font info for 50 fonts, out of 3000000 for 9000
 875 hyphenation exceptions out of 8191
 41i,6n,32p,1455b,258s stack positions out of 5000i,500n,10000p,200000b,50000s
</usr/local/texlive/2010/texmf-dist/fonts/type1/public/amsfonts/cm/cmbx10.pfb
></usr/local/texlive/2010/texmf-dist/fonts/type1/public/amsfonts/cm/cmbx12.pfb>
</usr/local/texlive/2010/texmf-dist/fonts/type1/public/amsfonts/cm/cmcsc10.pfb>
</usr/local/texlive/2010/texmf-dist/fonts/type1/public/amsfonts/cm/cmex10.pfb><
/usr/local/texlive/2010/texmf-dist/fonts/type1/public/amsfonts/cm/cmmi10.pfb></
usr/local/texlive/2010/texmf-dist/fonts/type1/public/amsfonts/cm/cmmi12.pfb></u
sr/local/texlive/2010/texmf-dist/fonts/type1/public/amsfonts/cm/cmmi5.pfb></usr
/local/texlive/2010/texmf-dist/fonts/type1/public/amsfonts/cm/cmmi7.pfb></usr/l
ocal/texlive/2010/texmf-dist/fonts/type1/public/amsfonts/cm/cmr10.pfb></usr/loc
al/texlive/2010/texmf-dist/fonts/type1/public/amsfonts/cm/cmr12.pfb></usr/local
/texlive/2010/texmf-dist/fonts/type1/public/amsfonts/cm/cmr7.pfb></usr/local/te
xlive/2010/texmf-dist/fonts/type1/public/amsfonts/cm/cmr8.pfb></usr/local/texli
ve/2010/texmf-dist/fonts/type1/public/amsfonts/cm/cmr9.pfb></usr/local/texlive/
2010/texmf-dist/fonts/type1/public/amsfonts/cm/cmsy10.pfb></usr/local/texlive/2
010/texmf-dist/fonts/type1/public/amsfonts/cm/cmsy7.pfb></usr/local/texlive/201
0/texmf-dist/fonts/type1/public/amsfonts/cm/cmti10.pfb></usr/local/texlive/2010
/texmf-dist/fonts/type1/public/amsfonts/cm/cmti12.pfb></usr/local/texlive/2010/
texmf-dist/fonts/type1/public/amsfonts/cm/cmtt10.pfb>
Output written on openmodel-old.pdf (11 pages, 441980 bytes).
PDF statistics:
 120 PDF objects out of 1000 (max. 8388607)
 81 compressed objects within 1 object stream
 0 named destinations out of 1000 (max. 500000)
 21 words of extra memory for PDF output out of 10000 (max. 10000000)

